  animation.c
D:\githubRespositories\Snowman\Snowman\src\animation.c(85,42): warning C4244: “函数”: 从“double”转换到“GLfloat”，可能丢失数据
D:\githubRespositories\Snowman\Snowman\src\animation.c(85,72): warning C4244: “函数”: 从“double”转换到“GLfloat”，可能丢失数据
D:\githubRespositories\Snowman\Snowman\src\animation.c(134,26): warning C4305: “函数”: 从“double”到“GLfloat”截断
D:\githubRespositories\Snowman\Snowman\src\animation.c(143,15): warning C4305: “函数”: 从“double”到“GLfloat”截断
D:\githubRespositories\Snowman\Snowman\src\animation.c(143,20): warning C4305: “函数”: 从“double”到“GLfloat”截断
D:\githubRespositories\Snowman\Snowman\src\animation.c(143,25): warning C4305: “函数”: 从“double”到“GLfloat”截断
D:\githubRespositories\Snowman\Snowman\src\animation.c(151,21): warning C4305: “函数”: 从“double”到“GLfloat”截断
D:\githubRespositories\Snowman\Snowman\src\animation.c(151,26): warning C4305: “函数”: 从“double”到“GLfloat”截断
D:\githubRespositories\Snowman\Snowman\src\animation.c(162,19): warning C4305: “函数”: 从“double”到“GLfloat”截断
D:\githubRespositories\Snowman\Snowman\src\animation.c(162,24): warning C4305: “函数”: 从“double”到“GLfloat”截断
D:\githubRespositories\Snowman\Snowman\src\animation.c(162,29): warning C4305: “函数”: 从“double”到“GLfloat”截断
D:\githubRespositories\Snowman\Snowman\src\animation.c(167,18): warning C4305: “函数”: 从“double”到“GLfloat”截断
D:\githubRespositories\Snowman\Snowman\src\animation.c(167,23): warning C4305: “函数”: 从“double”到“GLfloat”截断
D:\githubRespositories\Snowman\Snowman\src\animation.c(167,28): warning C4305: “函数”: 从“double”到“GLfloat”截断
D:\githubRespositories\Snowman\Snowman\src\animation.c(177,23): warning C4305: “函数”: 从“double”到“GLfloat”截断
D:\githubRespositories\Snowman\Snowman\src\animation.c(177,28): warning C4305: “函数”: 从“double”到“GLfloat”截断
D:\githubRespositories\Snowman\Snowman\src\animation.c(182,15): warning C4305: “函数”: 从“double”到“GLfloat”截断
D:\githubRespositories\Snowman\Snowman\src\animation.c(182,20): warning C4305: “函数”: 从“double”到“GLfloat”截断
D:\githubRespositories\Snowman\Snowman\src\animation.c(182,25): warning C4305: “函数”: 从“double”到“GLfloat”截断
D:\githubRespositories\Snowman\Snowman\src\animation.c(198,53): warning C4305: “函数”: 从“double”到“float”截断
D:\githubRespositories\Snowman\Snowman\src\animation.c(208,25): warning C4305: “函数”: 从“double”到“float”截断
D:\githubRespositories\Snowman\Snowman\src\animation.c(208,30): warning C4305: “函数”: 从“double”到“float”截断
D:\githubRespositories\Snowman\Snowman\src\animation.c(215,25): warning C4305: “函数”: 从“double”到“float”截断
D:\githubRespositories\Snowman\Snowman\src\animation.c(217,25): warning C4305: “函数”: 从“double”到“float”截断
D:\githubRespositories\Snowman\Snowman\src\animation.c(217,30): warning C4305: “函数”: 从“double”到“float”截断
D:\githubRespositories\Snowman\Snowman\src\animation.c(219,25): warning C4305: “函数”: 从“double”到“float”截断
D:\githubRespositories\Snowman\Snowman\src\animation.c(219,30): warning C4305: “函数”: 从“double”到“float”截断
D:\githubRespositories\Snowman\Snowman\src\animation.c(221,25): warning C4305: “函数”: 从“double”到“float”截断
D:\githubRespositories\Snowman\Snowman\src\animation.c(221,30): warning C4305: “函数”: 从“double”到“float”截断
D:\githubRespositories\Snowman\Snowman\src\animation.c(228,1): warning C4244: “初始化”: 从“double”转换到“float”，可能丢失数据
D:\githubRespositories\Snowman\Snowman\src\animation.c(317,12): warning C4013: “time”未定义；假设外部返回 int
D:\githubRespositories\Snowman\Snowman\src\animation.c(319,28): warning C4244: “=”: 从“int”转换到“float”，可能丢失数据
D:\githubRespositories\Snowman\Snowman\src\animation.c(320,33): warning C4244: “=”: 从“int”转换到“float”，可能丢失数据
D:\githubRespositories\Snowman\Snowman\src\animation.c(321,32): warning C4244: “=”: 从“int”转换到“float”，可能丢失数据
D:\githubRespositories\Snowman\Snowman\src\animation.c(322,32): warning C4244: “=”: 从“int”转换到“float”，可能丢失数据
D:\githubRespositories\Snowman\Snowman\src\animation.c(324,32): warning C4244: “=”: 从“int”转换到“float”，可能丢失数据
D:\githubRespositories\Snowman\Snowman\src\animation.c(325,32): warning C4244: “=”: 从“int”转换到“float”，可能丢失数据
D:\githubRespositories\Snowman\Snowman\src\animation.c(326,32): warning C4244: “=”: 从“int”转换到“float”，可能丢失数据
D:\githubRespositories\Snowman\Snowman\src\animation.c(327,32): warning C4244: “=”: 从“int”转换到“float”，可能丢失数据
D:\githubRespositories\Snowman\Snowman\src\animation.c(340,47): warning C4244: “=”: 从“int”转换到“float”，可能丢失数据
D:\githubRespositories\Snowman\Snowman\src\animation.c(342,34): warning C4244: “=”: 从“int”转换到“float”，可能丢失数据
D:\githubRespositories\Snowman\Snowman\src\animation.c(356,43): warning C4244: “+=”: 从“double”转换到“float”，可能丢失数据
D:\githubRespositories\Snowman\Snowman\src\animation.c(365,72): warning C4244: “=”: 从“double”转换到“float”，可能丢失数据
  Snowman.vcxproj -> D:\githubRespositories\Snowman\x64\Debug\Snowman.exe
